2023-03-06 17:51:32,464 DEBUG    root            Loaded Command Group: ['gcloud', 'components']
2023-03-06 17:51:32,467 DEBUG    root            Loaded Command Group: ['gcloud', 'components', 'update']
2023-03-06 17:51:32,469 DEBUG    root            Running [gcloud.components.update] with arguments: [--quiet: "True", COMPONENT-IDS:8: "['gcloud', 'core', 'bq', 'gsutil', 'compute', 'preview', 'alpha', 'beta']"]
2023-03-06 17:51:32,470 INFO     ___FILE_ONLY___ Beginning update. This process may take several minutes.

2023-03-06 17:51:32,474 DEBUG    urllib3.connectionpool Starting new HTTPS connection (1): dl.google.com:443
2023-03-06 17:51:32,492 DEBUG    urllib3.connectionpool https://dl.google.com:443 "GET /dl/cloudsdk/channels/rapid/components-2.json HTTP/1.1" 200 206156
2023-03-06 17:51:32,508 WARNING  root            Component [preview] no longer exists.
2023-03-06 17:51:32,508 WARNING  root            Component [compute] no longer exists.
2023-03-06 17:51:32,509 INFO     ___FILE_ONLY___ 

2023-03-06 17:51:32,510 INFO     ___FILE_ONLY___ 
Your current Google Cloud CLI version is: 420.0.0

2023-03-06 17:51:32,510 INFO     ___FILE_ONLY___ Installing components from version: 420.0.0

2023-03-06 17:51:32,510 INFO     ___FILE_ONLY___ 

2023-03-06 17:51:32,510 DEBUG    root            Chosen display Format:table[box,title="These components will be removed."](details.display_name:label=Name:align=left,version.version_string:label=Version:align=right,data.size.size(zero="",min=1048576):label=Size:align=right)
2023-03-06 17:51:32,511 DEBUG    root            Chosen display Format:table[box,title="These components will be updated."](details.display_name:label=Name:align=left,version.version_string:label=Version:align=right,data.size.size(zero="",min=1048576):label=Size:align=right)
2023-03-06 17:51:32,511 DEBUG    root            Chosen display Format:table[box,title="These components will be installed."](details.display_name:label=Name:align=left,version.version_string:label=Version:align=right,data.size.size(zero="",min=1048576):label=Size:align=right)
2023-03-06 17:51:32,513 INFO     ___FILE_ONLY___ ┌──────────────────────────────────────────────┐
2023-03-06 17:51:32,513 INFO     ___FILE_ONLY___ 

2023-03-06 17:51:32,513 INFO     ___FILE_ONLY___ │     These components will be installed.      │
2023-03-06 17:51:32,513 INFO     ___FILE_ONLY___ 

2023-03-06 17:51:32,513 INFO     ___FILE_ONLY___ ├───────────────────────┬────────────┬─────────┤
2023-03-06 17:51:32,513 INFO     ___FILE_ONLY___ 

2023-03-06 17:51:32,513 INFO     ___FILE_ONLY___ │          Name         │  Version   │   Size  │
2023-03-06 17:51:32,513 INFO     ___FILE_ONLY___ 

2023-03-06 17:51:32,513 INFO     ___FILE_ONLY___ ├───────────────────────┼────────────┼─────────┤
2023-03-06 17:51:32,513 INFO     ___FILE_ONLY___ 

2023-03-06 17:51:32,513 INFO     ___FILE_ONLY___ │ 
2023-03-06 17:51:32,514 INFO     ___FILE_ONLY___ gcloud Alpha Commands
2023-03-06 17:51:32,514 INFO     ___FILE_ONLY___  
2023-03-06 17:51:32,514 INFO     ___FILE_ONLY___ │ 
2023-03-06 17:51:32,514 INFO     ___FILE_ONLY___ 2023.02.24
2023-03-06 17:51:32,514 INFO     ___FILE_ONLY___  
2023-03-06 17:51:32,514 INFO     ___FILE_ONLY___ │ 
2023-03-06 17:51:32,514 INFO     ___FILE_ONLY___ < 1 MiB
2023-03-06 17:51:32,514 INFO     ___FILE_ONLY___  
2023-03-06 17:51:32,514 INFO     ___FILE_ONLY___ │
2023-03-06 17:51:32,514 INFO     ___FILE_ONLY___ 

2023-03-06 17:51:32,514 INFO     ___FILE_ONLY___ │ 
2023-03-06 17:51:32,514 INFO     ___FILE_ONLY___ gcloud Beta Commands 
2023-03-06 17:51:32,514 INFO     ___FILE_ONLY___  
2023-03-06 17:51:32,514 INFO     ___FILE_ONLY___ │ 
2023-03-06 17:51:32,514 INFO     ___FILE_ONLY___ 2023.02.24
2023-03-06 17:51:32,515 INFO     ___FILE_ONLY___  
2023-03-06 17:51:32,515 INFO     ___FILE_ONLY___ │ 
2023-03-06 17:51:32,515 INFO     ___FILE_ONLY___ < 1 MiB
2023-03-06 17:51:32,515 INFO     ___FILE_ONLY___  
2023-03-06 17:51:32,515 INFO     ___FILE_ONLY___ │
2023-03-06 17:51:32,515 INFO     ___FILE_ONLY___ 

2023-03-06 17:51:32,515 INFO     ___FILE_ONLY___ └───────────────────────┴────────────┴─────────┘
2023-03-06 17:51:32,515 INFO     ___FILE_ONLY___ 

2023-03-06 17:51:32,515 INFO     ___FILE_ONLY___ 

2023-03-06 17:51:32,517 DEBUG    urllib3.connectionpool Starting new HTTPS connection (1): dl.google.com:443
2023-03-06 17:51:32,537 DEBUG    urllib3.connectionpool https://dl.google.com:443 "GET /dl/cloudsdk/channels/rapid/RELEASE_NOTES HTTP/1.1" 200 950549
2023-03-06 17:51:32,561 INFO     ___FILE_ONLY___ For the latest full release notes, please visit:
  https://cloud.google.com/sdk/release_notes


2023-03-06 17:51:32,567 INFO     ___FILE_ONLY___ ╔════════════════════════════════════════════════════════════╗

2023-03-06 17:51:32,568 INFO     ___FILE_ONLY___ ╠═ Creating update staging area                             ═╣

2023-03-06 17:51:32,568 INFO     ___FILE_ONLY___ ╚
2023-03-06 17:51:32,568 INFO     ___FILE_ONLY___ ══════
2023-03-06 17:51:33,212 INFO     ___FILE_ONLY___ ══════
2023-03-06 17:51:33,212 INFO     ___FILE_ONLY___ ══════
2023-03-06 17:51:33,508 INFO     ___FILE_ONLY___ ═
2023-03-06 17:51:33,582 INFO     ___FILE_ONLY___ ═
2023-03-06 17:51:33,675 INFO     ___FILE_ONLY___ ═
2023-03-06 17:51:33,780 INFO     ___FILE_ONLY___ ═
2023-03-06 17:51:33,890 INFO     ___FILE_ONLY___ ═
2023-03-06 17:51:33,990 INFO     ___FILE_ONLY___ ═
2023-03-06 17:51:34,089 INFO     ___FILE_ONLY___ ═
2023-03-06 17:51:34,159 INFO     ___FILE_ONLY___ ═
2023-03-06 17:51:34,337 INFO     ___FILE_ONLY___ ═
2023-03-06 17:51:34,419 INFO     ___FILE_ONLY___ ═
2023-03-06 17:51:34,503 INFO     ___FILE_ONLY___ ═
2023-03-06 17:51:34,596 INFO     ___FILE_ONLY___ ═
2023-03-06 17:51:34,678 INFO     ___FILE_ONLY___ ═
2023-03-06 17:51:34,747 INFO     ___FILE_ONLY___ ═
2023-03-06 17:51:34,938 INFO     ___FILE_ONLY___ ═
2023-03-06 17:51:35,110 INFO     ___FILE_ONLY___ ═
2023-03-06 17:51:35,226 INFO     ___FILE_ONLY___ ═
2023-03-06 17:51:35,628 INFO     ___FILE_ONLY___ ═
2023-03-06 17:51:35,690 INFO     ___FILE_ONLY___ ═
2023-03-06 17:51:35,760 INFO     ___FILE_ONLY___ ═
2023-03-06 17:51:35,812 INFO     ___FILE_ONLY___ ═
2023-03-06 17:51:35,873 INFO     ___FILE_ONLY___ ═
2023-03-06 17:51:35,931 INFO     ___FILE_ONLY___ ═
2023-03-06 17:51:36,007 INFO     ___FILE_ONLY___ ═
2023-03-06 17:51:36,092 INFO     ___FILE_ONLY___ ═
2023-03-06 17:51:36,166 INFO     ___FILE_ONLY___ ═
2023-03-06 17:51:36,236 INFO     ___FILE_ONLY___ ═
2023-03-06 17:51:36,404 INFO     ___FILE_ONLY___ ═
2023-03-06 17:51:36,467 INFO     ___FILE_ONLY___ ═
2023-03-06 17:51:36,520 INFO     ___FILE_ONLY___ ═
2023-03-06 17:51:36,588 INFO     ___FILE_ONLY___ ═
2023-03-06 17:51:36,649 INFO     ___FILE_ONLY___ ═
2023-03-06 17:51:36,711 INFO     ___FILE_ONLY___ ═
2023-03-06 17:51:36,771 INFO     ___FILE_ONLY___ ═
2023-03-06 17:51:36,831 INFO     ___FILE_ONLY___ ═
2023-03-06 17:51:36,889 INFO     ___FILE_ONLY___ ═
2023-03-06 17:51:36,937 INFO     ___FILE_ONLY___ ═
2023-03-06 17:51:37,003 INFO     ___FILE_ONLY___ ═
2023-03-06 17:51:37,071 INFO     ___FILE_ONLY___ ═
2023-03-06 17:51:37,157 INFO     ___FILE_ONLY___ ═
2023-03-06 17:51:37,265 INFO     ___FILE_ONLY___ ═
2023-03-06 17:51:37,355 INFO     ___FILE_ONLY___ ═
2023-03-06 17:51:37,356 INFO     ___FILE_ONLY___ ╝

2023-03-06 17:51:40,036 INFO     ___FILE_ONLY___ ╔════════════════════════════════════════════════════════════╗

2023-03-06 17:51:40,036 INFO     ___FILE_ONLY___ ╠═ Installing: gcloud Alpha Commands                        ═╣

2023-03-06 17:51:40,037 INFO     ___FILE_ONLY___ ╚
2023-03-06 17:51:40,041 DEBUG    urllib3.connectionpool Starting new HTTPS connection (1): dl.google.com:443
2023-03-06 17:51:40,063 DEBUG    urllib3.connectionpool https://dl.google.com:443 "GET /dl/cloudsdk/channels/rapid/components/google-cloud-sdk-alpha-20230224152814.tar.gz HTTP/1.1" 200 800
2023-03-06 17:51:40,064 INFO     ___FILE_ONLY___ ══════════════════════════════
2023-03-06 17:51:40,065 INFO     ___FILE_ONLY___ ══════════════════════════════
2023-03-06 17:51:40,065 INFO     ___FILE_ONLY___ ╝

2023-03-06 17:51:40,076 INFO     ___FILE_ONLY___ ╔════════════════════════════════════════════════════════════╗

2023-03-06 17:51:40,077 INFO     ___FILE_ONLY___ ╠═ Installing: gcloud Beta Commands                         ═╣

2023-03-06 17:51:40,077 INFO     ___FILE_ONLY___ ╚
2023-03-06 17:51:40,080 DEBUG    urllib3.connectionpool Starting new HTTPS connection (1): dl.google.com:443
2023-03-06 17:51:40,098 DEBUG    urllib3.connectionpool https://dl.google.com:443 "GET /dl/cloudsdk/channels/rapid/components/google-cloud-sdk-beta-20230224152814.tar.gz HTTP/1.1" 200 797
2023-03-06 17:51:40,099 INFO     ___FILE_ONLY___ ══════════════════════════════
2023-03-06 17:51:40,100 INFO     ___FILE_ONLY___ ══════════════════════════════
2023-03-06 17:51:40,100 INFO     ___FILE_ONLY___ ╝

2023-03-06 17:51:40,110 INFO     ___FILE_ONLY___ ╔════════════════════════════════════════════════════════════╗

2023-03-06 17:51:40,111 INFO     ___FILE_ONLY___ ╠═ Creating backup and activating new installation          ═╣

2023-03-06 17:51:40,111 INFO     ___FILE_ONLY___ ╚
2023-03-06 17:51:40,111 DEBUG    root            Attempting to move directory [/tools/google-cloud-sdk] to [/tools/google-cloud-sdk.staging/.install/.backup]
2023-03-06 17:51:40,111 INFO     ___FILE_ONLY___ ══════════════════════════════
2023-03-06 17:51:40,111 DEBUG    root            Attempting to move directory [/tools/google-cloud-sdk.staging] to [/tools/google-cloud-sdk]
2023-03-06 17:51:40,111 INFO     ___FILE_ONLY___ ══════════════════════════════
2023-03-06 17:51:40,112 INFO     ___FILE_ONLY___ ╝

2023-03-06 17:51:40,116 DEBUG    root            Updating notification cache...
2023-03-06 17:51:40,117 INFO     ___FILE_ONLY___ 

2023-03-06 17:51:40,122 INFO     ___FILE_ONLY___ Performing post processing steps...
2023-03-06 17:51:40,122 DEBUG    root            Executing command: ['python3', '-S', '/tools/google-cloud-sdk/lib/gcloud.py', 'components', 'post-process']
2023-03-06 17:52:06,058 DEBUG    ___FILE_ONLY___ 
2023-03-06 17:52:06,059 DEBUG    ___FILE_ONLY___ 
2023-03-06 17:52:06,165 INFO     ___FILE_ONLY___ 
Update done!


2023-03-06 17:52:06,169 DEBUG    root            Chosen display Format:none
2023-03-06 17:52:06,170 INFO     root            Display format: "none"
