2023-03-06 17:50:42,110 DEBUG    root            Loaded Command Group: ['gcloud', 'components']
2023-03-06 17:50:42,113 DEBUG    root            Loaded Command Group: ['gcloud', 'components', 'update']
2023-03-06 17:50:42,116 DEBUG    root            Running [gcloud.components.update] with arguments: [--allow-no-backup: "True", --quiet: "True", COMPONENT-IDS:7: "['core', 'gcloud-deps', 'bq', 'gcloud', 'gcloud-crc32c', 'gsutil', 'anthoscli']"]
2023-03-06 17:50:42,117 INFO     ___FILE_ONLY___ Beginning update. This process may take several minutes.

2023-03-06 17:50:54,143 DEBUG    urllib3.connectionpool Starting new HTTPS connection (1): dl.google.com:443
2023-03-06 17:50:54,164 DEBUG    urllib3.connectionpool https://dl.google.com:443 "GET /dl/cloudsdk/channels/rapid/components-2.json HTTP/1.1" 200 206156
2023-03-06 17:50:54,180 INFO     ___FILE_ONLY___ 

2023-03-06 17:50:54,180 INFO     ___FILE_ONLY___ 
Your current Google Cloud CLI version is: 420.0.0

2023-03-06 17:50:54,180 INFO     ___FILE_ONLY___ Installing components from version: 420.0.0

2023-03-06 17:50:54,181 INFO     ___FILE_ONLY___ 

2023-03-06 17:50:54,181 DEBUG    root            Chosen display Format:table[box,title="These components will be removed."](details.display_name:label=Name:align=left,version.version_string:label=Version:align=right,data.size.size(zero="",min=1048576):label=Size:align=right)
2023-03-06 17:50:54,182 DEBUG    root            Chosen display Format:table[box,title="These components will be updated."](details.display_name:label=Name:align=left,version.version_string:label=Version:align=right,data.size.size(zero="",min=1048576):label=Size:align=right)
2023-03-06 17:50:54,182 DEBUG    root            Chosen display Format:table[box,title="These components will be installed."](details.display_name:label=Name:align=left,version.version_string:label=Version:align=right,data.size.size(zero="",min=1048576):label=Size:align=right)
2023-03-06 17:50:54,188 INFO     ___FILE_ONLY___ ┌─────────────────────────────────────────────────────────────────────────────┐
2023-03-06 17:50:54,188 INFO     ___FILE_ONLY___ 

2023-03-06 17:50:54,188 INFO     ___FILE_ONLY___ │                     These components will be installed.                     │
2023-03-06 17:50:54,188 INFO     ___FILE_ONLY___ 

2023-03-06 17:50:54,188 INFO     ___FILE_ONLY___ ├─────────────────────────────────────────────────────┬────────────┬──────────┤
2023-03-06 17:50:54,188 INFO     ___FILE_ONLY___ 

2023-03-06 17:50:54,189 INFO     ___FILE_ONLY___ │                         Name                        │  Version   │   Size   │
2023-03-06 17:50:54,189 INFO     ___FILE_ONLY___ 

2023-03-06 17:50:54,189 INFO     ___FILE_ONLY___ ├─────────────────────────────────────────────────────┼────────────┼──────────┤
2023-03-06 17:50:54,189 INFO     ___FILE_ONLY___ 

2023-03-06 17:50:54,189 INFO     ___FILE_ONLY___ │ 
2023-03-06 17:50:54,189 INFO     ___FILE_ONLY___ BigQuery Command Line Tool                         
2023-03-06 17:50:54,189 INFO     ___FILE_ONLY___  
2023-03-06 17:50:54,189 INFO     ___FILE_ONLY___ │ 
2023-03-06 17:50:54,189 INFO     ___FILE_ONLY___     2.0.86
2023-03-06 17:50:54,189 INFO     ___FILE_ONLY___  
2023-03-06 17:50:54,189 INFO     ___FILE_ONLY___ │ 
2023-03-06 17:50:54,189 INFO     ___FILE_ONLY___  1.6 MiB
2023-03-06 17:50:54,189 INFO     ___FILE_ONLY___  
2023-03-06 17:50:54,189 INFO     ___FILE_ONLY___ │
2023-03-06 17:50:54,189 INFO     ___FILE_ONLY___ 

2023-03-06 17:50:54,190 INFO     ___FILE_ONLY___ │ 
2023-03-06 17:50:54,190 INFO     ___FILE_ONLY___ BigQuery Command Line Tool (Platform Specific)     
2023-03-06 17:50:54,190 INFO     ___FILE_ONLY___  
2023-03-06 17:50:54,190 INFO     ___FILE_ONLY___ │ 
2023-03-06 17:50:54,190 INFO     ___FILE_ONLY___     2.0.77
2023-03-06 17:50:54,190 INFO     ___FILE_ONLY___  
2023-03-06 17:50:54,190 INFO     ___FILE_ONLY___ │ 
2023-03-06 17:50:54,190 INFO     ___FILE_ONLY___  < 1 MiB
2023-03-06 17:50:54,190 INFO     ___FILE_ONLY___  
2023-03-06 17:50:54,190 INFO     ___FILE_ONLY___ │
2023-03-06 17:50:54,190 INFO     ___FILE_ONLY___ 

2023-03-06 17:50:54,190 INFO     ___FILE_ONLY___ │ 
2023-03-06 17:50:54,190 INFO     ___FILE_ONLY___ Bundled Python 3.9                                 
2023-03-06 17:50:54,190 INFO     ___FILE_ONLY___  
2023-03-06 17:50:54,190 INFO     ___FILE_ONLY___ │ 
2023-03-06 17:50:54,191 INFO     ___FILE_ONLY___     3.9.16
2023-03-06 17:50:54,191 INFO     ___FILE_ONLY___  
2023-03-06 17:50:54,191 INFO     ___FILE_ONLY___ │ 
2023-03-06 17:50:54,191 INFO     ___FILE_ONLY___ 63.4 MiB
2023-03-06 17:50:54,191 INFO     ___FILE_ONLY___  
2023-03-06 17:50:54,191 INFO     ___FILE_ONLY___ │
2023-03-06 17:50:54,191 INFO     ___FILE_ONLY___ 

2023-03-06 17:50:54,191 INFO     ___FILE_ONLY___ │ 
2023-03-06 17:50:54,191 INFO     ___FILE_ONLY___ Cloud Storage Command Line Tool                    
2023-03-06 17:50:54,191 INFO     ___FILE_ONLY___  
2023-03-06 17:50:54,191 INFO     ___FILE_ONLY___ │ 
2023-03-06 17:50:54,191 INFO     ___FILE_ONLY___       5.20
2023-03-06 17:50:54,191 INFO     ___FILE_ONLY___  
2023-03-06 17:50:54,191 INFO     ___FILE_ONLY___ │ 
2023-03-06 17:50:54,191 INFO     ___FILE_ONLY___ 15.6 MiB
2023-03-06 17:50:54,191 INFO     ___FILE_ONLY___  
2023-03-06 17:50:54,192 INFO     ___FILE_ONLY___ │
2023-03-06 17:50:54,192 INFO     ___FILE_ONLY___ 

2023-03-06 17:50:54,192 INFO     ___FILE_ONLY___ │ 
2023-03-06 17:50:54,192 INFO     ___FILE_ONLY___ Cloud Storage Command Line Tool (Platform Specific)
2023-03-06 17:50:54,192 INFO     ___FILE_ONLY___  
2023-03-06 17:50:54,192 INFO     ___FILE_ONLY___ │ 
2023-03-06 17:50:54,192 INFO     ___FILE_ONLY___       5.13
2023-03-06 17:50:54,192 INFO     ___FILE_ONLY___  
2023-03-06 17:50:54,192 INFO     ___FILE_ONLY___ │ 
2023-03-06 17:50:54,192 INFO     ___FILE_ONLY___  < 1 MiB
2023-03-06 17:50:54,192 INFO     ___FILE_ONLY___  
2023-03-06 17:50:54,192 INFO     ___FILE_ONLY___ │
2023-03-06 17:50:54,192 INFO     ___FILE_ONLY___ 

2023-03-06 17:50:54,192 INFO     ___FILE_ONLY___ │ 
2023-03-06 17:50:54,192 INFO     ___FILE_ONLY___ Google Cloud CLI Core Libraries (Platform Specific)
2023-03-06 17:50:54,192 INFO     ___FILE_ONLY___  
2023-03-06 17:50:54,193 INFO     ___FILE_ONLY___ │ 
2023-03-06 17:50:54,193 INFO     ___FILE_ONLY___ 2022.09.20
2023-03-06 17:50:54,193 INFO     ___FILE_ONLY___  
2023-03-06 17:50:54,193 INFO     ___FILE_ONLY___ │ 
2023-03-06 17:50:54,193 INFO     ___FILE_ONLY___  < 1 MiB
2023-03-06 17:50:54,193 INFO     ___FILE_ONLY___  
2023-03-06 17:50:54,193 INFO     ___FILE_ONLY___ │
2023-03-06 17:50:54,193 INFO     ___FILE_ONLY___ 

2023-03-06 17:50:54,193 INFO     ___FILE_ONLY___ │ 
2023-03-06 17:50:54,193 INFO     ___FILE_ONLY___ Google Cloud CRC32C Hash Tool                      
2023-03-06 17:50:54,193 INFO     ___FILE_ONLY___  
2023-03-06 17:50:54,193 INFO     ___FILE_ONLY___ │ 
2023-03-06 17:50:54,193 INFO     ___FILE_ONLY___      1.0.0
2023-03-06 17:50:54,193 INFO     ___FILE_ONLY___  
2023-03-06 17:50:54,193 INFO     ___FILE_ONLY___ │ 
2023-03-06 17:50:54,194 INFO     ___FILE_ONLY___  1.2 MiB
2023-03-06 17:50:54,194 INFO     ___FILE_ONLY___  
2023-03-06 17:50:54,194 INFO     ___FILE_ONLY___ │
2023-03-06 17:50:54,194 INFO     ___FILE_ONLY___ 

2023-03-06 17:50:54,194 INFO     ___FILE_ONLY___ │ 
2023-03-06 17:50:54,194 INFO     ___FILE_ONLY___ anthoscli                                          
2023-03-06 17:50:54,194 INFO     ___FILE_ONLY___  
2023-03-06 17:50:54,194 INFO     ___FILE_ONLY___ │ 
2023-03-06 17:50:54,194 INFO     ___FILE_ONLY___     0.2.35
2023-03-06 17:50:54,194 INFO     ___FILE_ONLY___  
2023-03-06 17:50:54,194 INFO     ___FILE_ONLY___ │ 
2023-03-06 17:50:54,194 INFO     ___FILE_ONLY___ 68.6 MiB
2023-03-06 17:50:54,194 INFO     ___FILE_ONLY___  
2023-03-06 17:50:54,194 INFO     ___FILE_ONLY___ │
2023-03-06 17:50:54,194 INFO     ___FILE_ONLY___ 

2023-03-06 17:50:54,194 INFO     ___FILE_ONLY___ │ 
2023-03-06 17:50:54,195 INFO     ___FILE_ONLY___ gcloud cli dependencies                            
2023-03-06 17:50:54,195 INFO     ___FILE_ONLY___  
2023-03-06 17:50:54,195 INFO     ___FILE_ONLY___ │ 
2023-03-06 17:50:54,195 INFO     ___FILE_ONLY___ 2021.04.16
2023-03-06 17:50:54,195 INFO     ___FILE_ONLY___  
2023-03-06 17:50:54,195 INFO     ___FILE_ONLY___ │ 
2023-03-06 17:50:54,195 INFO     ___FILE_ONLY___  < 1 MiB
2023-03-06 17:50:54,195 INFO     ___FILE_ONLY___  
2023-03-06 17:50:54,195 INFO     ___FILE_ONLY___ │
2023-03-06 17:50:54,195 INFO     ___FILE_ONLY___ 

2023-03-06 17:50:54,195 INFO     ___FILE_ONLY___ └─────────────────────────────────────────────────────┴────────────┴──────────┘
2023-03-06 17:50:54,195 INFO     ___FILE_ONLY___ 

2023-03-06 17:50:54,195 INFO     ___FILE_ONLY___ 

2023-03-06 17:50:54,198 DEBUG    urllib3.connectionpool Starting new HTTPS connection (1): dl.google.com:443
2023-03-06 17:50:54,214 DEBUG    urllib3.connectionpool https://dl.google.com:443 "GET /dl/cloudsdk/channels/rapid/RELEASE_NOTES HTTP/1.1" 200 950549
2023-03-06 17:50:54,239 INFO     ___FILE_ONLY___ For the latest full release notes, please visit:
  https://cloud.google.com/sdk/release_notes


2023-03-06 17:50:54,245 INFO     ___FILE_ONLY___ ╔════════════════════════════════════════════════════════════╗

2023-03-06 17:50:54,245 INFO     ___FILE_ONLY___ ╠═ Creating update staging area                             ═╣

2023-03-06 17:50:54,246 INFO     ___FILE_ONLY___ ╚
2023-03-06 17:50:54,246 INFO     ___FILE_ONLY___ ══════
2023-03-06 17:50:54,246 INFO     ___FILE_ONLY___ ══════
2023-03-06 17:50:54,246 INFO     ___FILE_ONLY___ ══════
2023-03-06 17:50:54,387 INFO     ___FILE_ONLY___ ═
2023-03-06 17:50:54,441 INFO     ___FILE_ONLY___ ═
2023-03-06 17:50:54,490 INFO     ___FILE_ONLY___ ═
2023-03-06 17:50:54,538 INFO     ___FILE_ONLY___ ═
2023-03-06 17:50:54,598 INFO     ___FILE_ONLY___ ═
2023-03-06 17:50:54,663 INFO     ___FILE_ONLY___ ═
2023-03-06 17:50:54,713 INFO     ___FILE_ONLY___ ═
2023-03-06 17:50:54,764 INFO     ___FILE_ONLY___ ═
2023-03-06 17:50:54,810 INFO     ___FILE_ONLY___ ═
2023-03-06 17:50:54,868 INFO     ___FILE_ONLY___ ═
2023-03-06 17:50:54,922 INFO     ___FILE_ONLY___ ═
2023-03-06 17:50:54,977 INFO     ___FILE_ONLY___ ═
2023-03-06 17:50:55,031 INFO     ___FILE_ONLY___ ═
2023-03-06 17:50:55,077 INFO     ___FILE_ONLY___ ═
2023-03-06 17:50:55,136 INFO     ___FILE_ONLY___ ═
2023-03-06 17:50:55,213 INFO     ___FILE_ONLY___ ═
2023-03-06 17:50:55,276 INFO     ___FILE_ONLY___ ═
2023-03-06 17:50:55,357 INFO     ___FILE_ONLY___ ═
2023-03-06 17:50:55,390 INFO     ___FILE_ONLY___ ═
2023-03-06 17:50:55,421 INFO     ___FILE_ONLY___ ═
2023-03-06 17:50:55,457 INFO     ___FILE_ONLY___ ═
2023-03-06 17:50:55,495 INFO     ___FILE_ONLY___ ═
2023-03-06 17:50:55,524 INFO     ___FILE_ONLY___ ═
2023-03-06 17:50:55,553 INFO     ___FILE_ONLY___ ═
2023-03-06 17:50:55,679 INFO     ___FILE_ONLY___ ═
2023-03-06 17:50:55,724 INFO     ___FILE_ONLY___ ═
2023-03-06 17:50:55,886 INFO     ___FILE_ONLY___ ═
2023-03-06 17:50:55,971 INFO     ___FILE_ONLY___ ═
2023-03-06 17:50:56,007 INFO     ___FILE_ONLY___ ═
2023-03-06 17:50:56,053 INFO     ___FILE_ONLY___ ═
2023-03-06 17:50:56,110 INFO     ___FILE_ONLY___ ═
2023-03-06 17:50:56,160 INFO     ___FILE_ONLY___ ═
2023-03-06 17:50:56,209 INFO     ___FILE_ONLY___ ═
2023-03-06 17:50:56,267 INFO     ___FILE_ONLY___ ═
2023-03-06 17:50:56,346 INFO     ___FILE_ONLY___ ═
2023-03-06 17:50:56,405 INFO     ___FILE_ONLY___ ═
2023-03-06 17:50:56,457 INFO     ___FILE_ONLY___ ═
2023-03-06 17:50:56,525 INFO     ___FILE_ONLY___ ═
2023-03-06 17:50:56,582 INFO     ___FILE_ONLY___ ═
2023-03-06 17:50:56,646 INFO     ___FILE_ONLY___ ═
2023-03-06 17:50:56,771 INFO     ___FILE_ONLY___ ═
2023-03-06 17:50:56,817 INFO     ___FILE_ONLY___ ═
2023-03-06 17:50:56,818 INFO     ___FILE_ONLY___ ╝

2023-03-06 17:50:57,007 INFO     ___FILE_ONLY___ ╔════════════════════════════════════════════════════════════╗

2023-03-06 17:50:57,007 INFO     ___FILE_ONLY___ ╠═ Installing: BigQuery Command Line Tool                   ═╣

2023-03-06 17:50:57,007 INFO     ___FILE_ONLY___ ╚
2023-03-06 17:50:57,011 DEBUG    urllib3.connectionpool Starting new HTTPS connection (1): dl.google.com:443
2023-03-06 17:50:57,034 DEBUG    urllib3.connectionpool https://dl.google.com:443 "GET /dl/cloudsdk/channels/rapid/components/google-cloud-sdk-bq-20230224152814.tar.gz HTTP/1.1" 200 1699999
2023-03-06 17:50:57,047 INFO     ___FILE_ONLY___ ═
2023-03-06 17:50:57,048 INFO     ___FILE_ONLY___ ═
2023-03-06 17:50:57,048 INFO     ___FILE_ONLY___ ═
2023-03-06 17:50:57,048 INFO     ___FILE_ONLY___ ═
2023-03-06 17:50:57,048 INFO     ___FILE_ONLY___ ═
2023-03-06 17:50:57,048 INFO     ___FILE_ONLY___ ═
2023-03-06 17:50:57,048 INFO     ___FILE_ONLY___ ═
2023-03-06 17:50:57,049 INFO     ___FILE_ONLY___ ═
2023-03-06 17:50:57,049 INFO     ___FILE_ONLY___ ═
2023-03-06 17:50:57,049 INFO     ___FILE_ONLY___ ═
2023-03-06 17:50:57,049 INFO     ___FILE_ONLY___ ═
2023-03-06 17:50:57,049 INFO     ___FILE_ONLY___ ═
2023-03-06 17:50:57,049 INFO     ___FILE_ONLY___ ═
2023-03-06 17:50:57,050 INFO     ___FILE_ONLY___ ═
2023-03-06 17:50:57,050 INFO     ___FILE_ONLY___ ═
2023-03-06 17:50:57,050 INFO     ___FILE_ONLY___ ═
2023-03-06 17:50:57,050 INFO     ___FILE_ONLY___ ═
2023-03-06 17:50:57,050 INFO     ___FILE_ONLY___ ═
2023-03-06 17:50:57,050 INFO     ___FILE_ONLY___ ═
2023-03-06 17:50:57,050 INFO     ___FILE_ONLY___ ═
2023-03-06 17:50:57,050 INFO     ___FILE_ONLY___ ═
2023-03-06 17:50:57,051 INFO     ___FILE_ONLY___ ═
2023-03-06 17:50:57,051 INFO     ___FILE_ONLY___ ═
2023-03-06 17:50:57,051 INFO     ___FILE_ONLY___ ═
2023-03-06 17:50:57,051 INFO     ___FILE_ONLY___ ═
2023-03-06 17:50:57,051 INFO     ___FILE_ONLY___ ═
2023-03-06 17:50:57,051 INFO     ___FILE_ONLY___ ═
2023-03-06 17:50:57,051 INFO     ___FILE_ONLY___ ═
2023-03-06 17:50:57,052 INFO     ___FILE_ONLY___ ═
2023-03-06 17:50:57,052 INFO     ___FILE_ONLY___ ═
2023-03-06 17:50:57,162 INFO     ___FILE_ONLY___ ═
2023-03-06 17:50:57,166 INFO     ___FILE_ONLY___ ═
2023-03-06 17:50:57,170 INFO     ___FILE_ONLY___ ═
2023-03-06 17:50:57,177 INFO     ___FILE_ONLY___ ═
2023-03-06 17:50:57,180 INFO     ___FILE_ONLY___ ═
2023-03-06 17:50:57,184 INFO     ___FILE_ONLY___ ═
2023-03-06 17:50:57,187 INFO     ___FILE_ONLY___ ═
2023-03-06 17:50:57,191 INFO     ___FILE_ONLY___ ═
2023-03-06 17:50:57,194 INFO     ___FILE_ONLY___ ═
2023-03-06 17:50:57,198 INFO     ___FILE_ONLY___ ═
2023-03-06 17:50:57,202 INFO     ___FILE_ONLY___ ═
2023-03-06 17:50:57,205 INFO     ___FILE_ONLY___ ═
2023-03-06 17:50:57,210 INFO     ___FILE_ONLY___ ═
2023-03-06 17:50:57,216 INFO     ___FILE_ONLY___ ═
2023-03-06 17:50:57,220 INFO     ___FILE_ONLY___ ═
2023-03-06 17:50:57,224 INFO     ___FILE_ONLY___ ═
2023-03-06 17:50:57,228 INFO     ___FILE_ONLY___ ═
2023-03-06 17:50:57,231 INFO     ___FILE_ONLY___ ═
2023-03-06 17:50:57,234 INFO     ___FILE_ONLY___ ═
2023-03-06 17:50:57,238 INFO     ___FILE_ONLY___ ═
2023-03-06 17:50:57,243 INFO     ___FILE_ONLY___ ═
2023-03-06 17:50:57,247 INFO     ___FILE_ONLY___ ═
2023-03-06 17:50:57,251 INFO     ___FILE_ONLY___ ═
2023-03-06 17:50:57,254 INFO     ___FILE_ONLY___ ═
2023-03-06 17:50:57,258 INFO     ___FILE_ONLY___ ═
2023-03-06 17:50:57,262 INFO     ___FILE_ONLY___ ═
2023-03-06 17:50:57,266 INFO     ___FILE_ONLY___ ═
2023-03-06 17:50:57,270 INFO     ___FILE_ONLY___ ═
2023-03-06 17:50:57,274 INFO     ___FILE_ONLY___ ═
2023-03-06 17:50:57,278 INFO     ___FILE_ONLY___ ═
2023-03-06 17:50:57,278 INFO     ___FILE_ONLY___ ╝

2023-03-06 17:50:57,295 INFO     ___FILE_ONLY___ ╔════════════════════════════════════════════════════════════╗

2023-03-06 17:50:57,295 INFO     ___FILE_ONLY___ ╠═ Installing: BigQuery Command Line Tool (Platform Spec... ═╣

2023-03-06 17:50:57,296 INFO     ___FILE_ONLY___ ╚
2023-03-06 17:50:57,299 DEBUG    urllib3.connectionpool Starting new HTTPS connection (1): dl.google.com:443
2023-03-06 17:50:57,318 DEBUG    urllib3.connectionpool https://dl.google.com:443 "GET /dl/cloudsdk/channels/rapid/components/google-cloud-sdk-bq-nix-20220920185015.tar.gz HTTP/1.1" 200 1837
2023-03-06 17:50:57,319 INFO     ___FILE_ONLY___ ══════════════════════════════
2023-03-06 17:50:57,320 INFO     ___FILE_ONLY___ ══════════════════════════════
2023-03-06 17:50:57,321 INFO     ___FILE_ONLY___ ╝

2023-03-06 17:50:57,332 INFO     ___FILE_ONLY___ ╔════════════════════════════════════════════════════════════╗

2023-03-06 17:50:57,333 INFO     ___FILE_ONLY___ ╠═ Installing: Bundled Python 3.9                           ═╣

2023-03-06 17:50:57,333 INFO     ___FILE_ONLY___ ╚
2023-03-06 17:50:57,337 DEBUG    urllib3.connectionpool Starting new HTTPS connection (1): dl.google.com:443
2023-03-06 17:50:57,360 DEBUG    urllib3.connectionpool https://dl.google.com:443 "GET /dl/cloudsdk/channels/rapid/components/google-cloud-sdk-bundled-python3-unix-linux-x86_64-20230113144351.tar.gz HTTP/1.1" 200 66435937
2023-03-06 17:50:57,602 INFO     ___FILE_ONLY___ ═
2023-03-06 17:50:57,605 INFO     ___FILE_ONLY___ ═
2023-03-06 17:50:57,608 INFO     ___FILE_ONLY___ ═
2023-03-06 17:50:57,610 INFO     ___FILE_ONLY___ ═
2023-03-06 17:50:57,613 INFO     ___FILE_ONLY___ ═
2023-03-06 17:50:57,616 INFO     ___FILE_ONLY___ ═
2023-03-06 17:50:57,618 INFO     ___FILE_ONLY___ ═
2023-03-06 17:50:57,621 INFO     ___FILE_ONLY___ ═
2023-03-06 17:50:57,624 INFO     ___FILE_ONLY___ ═
2023-03-06 17:50:57,626 INFO     ___FILE_ONLY___ ═
2023-03-06 17:50:57,629 INFO     ___FILE_ONLY___ ═
2023-03-06 17:50:57,632 INFO     ___FILE_ONLY___ ═
2023-03-06 17:50:57,635 INFO     ___FILE_ONLY___ ═
2023-03-06 17:50:57,637 INFO     ___FILE_ONLY___ ═
2023-03-06 17:50:57,640 INFO     ___FILE_ONLY___ ═
2023-03-06 17:50:57,643 INFO     ___FILE_ONLY___ ═
2023-03-06 17:50:57,646 INFO     ___FILE_ONLY___ ═
2023-03-06 17:50:57,649 INFO     ___FILE_ONLY___ ═
2023-03-06 17:50:57,651 INFO     ___FILE_ONLY___ ═
2023-03-06 17:50:57,654 INFO     ___FILE_ONLY___ ═
2023-03-06 17:50:57,657 INFO     ___FILE_ONLY___ ═
2023-03-06 17:50:57,660 INFO     ___FILE_ONLY___ ═
2023-03-06 17:50:57,662 INFO     ___FILE_ONLY___ ═
2023-03-06 17:50:57,665 INFO     ___FILE_ONLY___ ═
2023-03-06 17:50:57,668 INFO     ___FILE_ONLY___ ═
2023-03-06 17:50:57,671 INFO     ___FILE_ONLY___ ═
2023-03-06 17:50:57,673 INFO     ___FILE_ONLY___ ═
2023-03-06 17:50:57,676 INFO     ___FILE_ONLY___ ═
2023-03-06 17:50:57,679 INFO     ___FILE_ONLY___ ═
2023-03-06 17:50:57,681 INFO     ___FILE_ONLY___ ═
2023-03-06 17:50:59,560 INFO     ___FILE_ONLY___ ═
2023-03-06 17:50:59,573 INFO     ___FILE_ONLY___ ═
2023-03-06 17:50:59,591 INFO     ___FILE_ONLY___ ═
2023-03-06 17:50:59,605 INFO     ___FILE_ONLY___ ═
2023-03-06 17:50:59,618 INFO     ___FILE_ONLY___ ═
2023-03-06 17:50:59,636 INFO     ___FILE_ONLY___ ═
2023-03-06 17:50:59,653 INFO     ___FILE_ONLY___ ═
2023-03-06 17:50:59,676 INFO     ___FILE_ONLY___ ═
2023-03-06 17:50:59,691 INFO     ___FILE_ONLY___ ═
2023-03-06 17:50:59,707 INFO     ___FILE_ONLY___ ═
2023-03-06 17:50:59,726 INFO     ___FILE_ONLY___ ═
2023-03-06 17:50:59,744 INFO     ___FILE_ONLY___ ═
2023-03-06 17:50:59,858 INFO     ___FILE_ONLY___ ═
2023-03-06 17:50:59,874 INFO     ___FILE_ONLY___ ═
2023-03-06 17:50:59,919 INFO     ___FILE_ONLY___ ═
2023-03-06 17:50:59,986 INFO     ___FILE_ONLY___ ═
2023-03-06 17:51:00,009 INFO     ___FILE_ONLY___ ═
2023-03-06 17:51:00,030 INFO     ___FILE_ONLY___ ═
2023-03-06 17:51:00,049 INFO     ___FILE_ONLY___ ═
2023-03-06 17:51:00,086 INFO     ___FILE_ONLY___ ═
2023-03-06 17:51:00,101 INFO     ___FILE_ONLY___ ═
2023-03-06 17:51:00,115 INFO     ___FILE_ONLY___ ═
2023-03-06 17:51:00,131 INFO     ___FILE_ONLY___ ═
2023-03-06 17:51:00,150 INFO     ___FILE_ONLY___ ═
2023-03-06 17:51:00,169 INFO     ___FILE_ONLY___ ═
2023-03-06 17:51:00,187 INFO     ___FILE_ONLY___ ═
2023-03-06 17:51:00,823 INFO     ___FILE_ONLY___ ═
2023-03-06 17:51:01,108 INFO     ___FILE_ONLY___ ═
2023-03-06 17:51:01,119 INFO     ___FILE_ONLY___ ═
2023-03-06 17:51:01,133 INFO     ___FILE_ONLY___ ═
2023-03-06 17:51:01,133 INFO     ___FILE_ONLY___ ╝

2023-03-06 17:51:01,185 INFO     ___FILE_ONLY___ ╔════════════════════════════════════════════════════════════╗

2023-03-06 17:51:01,186 INFO     ___FILE_ONLY___ ╠═ Installing: Bundled Python 3.9                           ═╣

2023-03-06 17:51:01,186 INFO     ___FILE_ONLY___ ╚
2023-03-06 17:51:01,191 INFO     ___FILE_ONLY___ ════════════════════════════════════════════════════════════
2023-03-06 17:51:01,191 INFO     ___FILE_ONLY___ ╝

2023-03-06 17:51:01,197 INFO     ___FILE_ONLY___ ╔════════════════════════════════════════════════════════════╗

2023-03-06 17:51:01,197 INFO     ___FILE_ONLY___ ╠═ Installing: Cloud Storage Command Line Tool              ═╣

2023-03-06 17:51:01,197 INFO     ___FILE_ONLY___ ╚
2023-03-06 17:51:01,201 DEBUG    urllib3.connectionpool Starting new HTTPS connection (1): dl.google.com:443
2023-03-06 17:51:01,220 DEBUG    urllib3.connectionpool https://dl.google.com:443 "GET /dl/cloudsdk/channels/rapid/components/google-cloud-sdk-gsutil-20230213205029.tar.gz HTTP/1.1" 200 16314481
2023-03-06 17:51:01,285 INFO     ___FILE_ONLY___ ═
2023-03-06 17:51:01,286 INFO     ___FILE_ONLY___ ═
2023-03-06 17:51:01,287 INFO     ___FILE_ONLY___ ═
2023-03-06 17:51:01,288 INFO     ___FILE_ONLY___ ═
2023-03-06 17:51:01,288 INFO     ___FILE_ONLY___ ═
2023-03-06 17:51:01,289 INFO     ___FILE_ONLY___ ═
2023-03-06 17:51:01,290 INFO     ___FILE_ONLY___ ═
2023-03-06 17:51:01,291 INFO     ___FILE_ONLY___ ═
2023-03-06 17:51:01,291 INFO     ___FILE_ONLY___ ═
2023-03-06 17:51:01,292 INFO     ___FILE_ONLY___ ═
2023-03-06 17:51:01,293 INFO     ___FILE_ONLY___ ═
2023-03-06 17:51:01,293 INFO     ___FILE_ONLY___ ═
2023-03-06 17:51:01,294 INFO     ___FILE_ONLY___ ═
2023-03-06 17:51:01,295 INFO     ___FILE_ONLY___ ═
2023-03-06 17:51:01,296 INFO     ___FILE_ONLY___ ═
2023-03-06 17:51:01,296 INFO     ___FILE_ONLY___ ═
2023-03-06 17:51:01,297 INFO     ___FILE_ONLY___ ═
2023-03-06 17:51:01,298 INFO     ___FILE_ONLY___ ═
2023-03-06 17:51:01,299 INFO     ___FILE_ONLY___ ═
2023-03-06 17:51:01,299 INFO     ___FILE_ONLY___ ═
2023-03-06 17:51:01,300 INFO     ___FILE_ONLY___ ═
2023-03-06 17:51:01,301 INFO     ___FILE_ONLY___ ═
2023-03-06 17:51:01,301 INFO     ___FILE_ONLY___ ═
2023-03-06 17:51:01,302 INFO     ___FILE_ONLY___ ═
2023-03-06 17:51:01,303 INFO     ___FILE_ONLY___ ═
2023-03-06 17:51:01,304 INFO     ___FILE_ONLY___ ═
2023-03-06 17:51:01,304 INFO     ___FILE_ONLY___ ═
2023-03-06 17:51:01,305 INFO     ___FILE_ONLY___ ═
2023-03-06 17:51:01,306 INFO     ___FILE_ONLY___ ═
2023-03-06 17:51:01,307 INFO     ___FILE_ONLY___ ═
2023-03-06 17:51:02,400 INFO     ___FILE_ONLY___ ═
2023-03-06 17:51:02,446 INFO     ___FILE_ONLY___ ═
2023-03-06 17:51:02,486 INFO     ___FILE_ONLY___ ═
2023-03-06 17:51:02,522 INFO     ___FILE_ONLY___ ═
2023-03-06 17:51:02,560 INFO     ___FILE_ONLY___ ═
2023-03-06 17:51:02,619 INFO     ___FILE_ONLY___ ═
2023-03-06 17:51:02,670 INFO     ___FILE_ONLY___ ═
2023-03-06 17:51:02,727 INFO     ___FILE_ONLY___ ═
2023-03-06 17:51:02,777 INFO     ___FILE_ONLY___ ═
2023-03-06 17:51:02,811 INFO     ___FILE_ONLY___ ═
2023-03-06 17:51:02,851 INFO     ___FILE_ONLY___ ═
2023-03-06 17:51:02,896 INFO     ___FILE_ONLY___ ═
2023-03-06 17:51:02,943 INFO     ___FILE_ONLY___ ═
2023-03-06 17:51:03,007 INFO     ___FILE_ONLY___ ═
2023-03-06 17:51:03,054 INFO     ___FILE_ONLY___ ═
2023-03-06 17:51:03,087 INFO     ___FILE_ONLY___ ═
2023-03-06 17:51:03,126 INFO     ___FILE_ONLY___ ═
2023-03-06 17:51:03,163 INFO     ___FILE_ONLY___ ═
2023-03-06 17:51:03,198 INFO     ___FILE_ONLY___ ═
2023-03-06 17:51:03,239 INFO     ___FILE_ONLY___ ═
2023-03-06 17:51:03,280 INFO     ___FILE_ONLY___ ═
2023-03-06 17:51:03,319 INFO     ___FILE_ONLY___ ═
2023-03-06 17:51:03,367 INFO     ___FILE_ONLY___ ═
2023-03-06 17:51:03,411 INFO     ___FILE_ONLY___ ═
2023-03-06 17:51:03,458 INFO     ___FILE_ONLY___ ═
2023-03-06 17:51:03,506 INFO     ___FILE_ONLY___ ═
2023-03-06 17:51:03,543 INFO     ___FILE_ONLY___ ═
2023-03-06 17:51:03,577 INFO     ___FILE_ONLY___ ═
2023-03-06 17:51:03,612 INFO     ___FILE_ONLY___ ═
2023-03-06 17:51:03,662 INFO     ___FILE_ONLY___ ═
2023-03-06 17:51:03,662 INFO     ___FILE_ONLY___ ╝

2023-03-06 17:51:03,753 INFO     ___FILE_ONLY___ ╔════════════════════════════════════════════════════════════╗

2023-03-06 17:51:03,754 INFO     ___FILE_ONLY___ ╠═ Installing: Cloud Storage Command Line Tool (Platform... ═╣

2023-03-06 17:51:03,754 INFO     ___FILE_ONLY___ ╚
2023-03-06 17:51:03,758 DEBUG    urllib3.connectionpool Starting new HTTPS connection (1): dl.google.com:443
2023-03-06 17:51:03,777 DEBUG    urllib3.connectionpool https://dl.google.com:443 "GET /dl/cloudsdk/channels/rapid/components/google-cloud-sdk-gsutil-nix-20220920185015.tar.gz HTTP/1.1" 200 1851
2023-03-06 17:51:03,778 INFO     ___FILE_ONLY___ ══════════════════════════════
2023-03-06 17:51:03,779 INFO     ___FILE_ONLY___ ══════════════════════════════
2023-03-06 17:51:03,779 INFO     ___FILE_ONLY___ ╝

2023-03-06 17:51:03,790 INFO     ___FILE_ONLY___ ╔════════════════════════════════════════════════════════════╗

2023-03-06 17:51:03,791 INFO     ___FILE_ONLY___ ╠═ Installing: Default set of gcloud commands               ═╣

2023-03-06 17:51:03,791 INFO     ___FILE_ONLY___ ╚
2023-03-06 17:51:03,842 INFO     ___FILE_ONLY___ ════════════════════════════════════════════════════════════
2023-03-06 17:51:03,842 INFO     ___FILE_ONLY___ ╝

2023-03-06 17:51:03,848 INFO     ___FILE_ONLY___ ╔════════════════════════════════════════════════════════════╗

2023-03-06 17:51:03,848 INFO     ___FILE_ONLY___ ╠═ Installing: Google Cloud CLI Core Libraries (Platform... ═╣

2023-03-06 17:51:03,848 INFO     ___FILE_ONLY___ ╚
2023-03-06 17:51:03,852 DEBUG    urllib3.connectionpool Starting new HTTPS connection (1): dl.google.com:443
2023-03-06 17:51:03,871 DEBUG    urllib3.connectionpool https://dl.google.com:443 "GET /dl/cloudsdk/channels/rapid/components/google-cloud-sdk-core-nix-20220920185015.tar.gz HTTP/1.1" 200 2221
2023-03-06 17:51:03,872 INFO     ___FILE_ONLY___ ══════════════════════════════
2023-03-06 17:51:03,873 INFO     ___FILE_ONLY___ ═══════════════
2023-03-06 17:51:03,873 INFO     ___FILE_ONLY___ ═══════════════
2023-03-06 17:51:03,874 INFO     ___FILE_ONLY___ ╝

2023-03-06 17:51:03,886 INFO     ___FILE_ONLY___ ╔════════════════════════════════════════════════════════════╗

2023-03-06 17:51:03,886 INFO     ___FILE_ONLY___ ╠═ Installing: Google Cloud CRC32C Hash Tool                ═╣

2023-03-06 17:51:03,886 INFO     ___FILE_ONLY___ ╚
2023-03-06 17:51:03,891 INFO     ___FILE_ONLY___ ════════════════════════════════════════════════════════════
2023-03-06 17:51:03,891 INFO     ___FILE_ONLY___ ╝

2023-03-06 17:51:03,896 INFO     ___FILE_ONLY___ ╔════════════════════════════════════════════════════════════╗

2023-03-06 17:51:03,896 INFO     ___FILE_ONLY___ ╠═ Installing: Google Cloud CRC32C Hash Tool                ═╣

2023-03-06 17:51:03,897 INFO     ___FILE_ONLY___ ╚
2023-03-06 17:51:03,900 DEBUG    urllib3.connectionpool Starting new HTTPS connection (1): dl.google.com:443
2023-03-06 17:51:03,920 DEBUG    urllib3.connectionpool https://dl.google.com:443 "GET /dl/cloudsdk/channels/rapid/components/google-cloud-sdk-gcloud-crc32c-linux-x86_64-20221205224721.tar.gz HTTP/1.1" 200 1235322
2023-03-06 17:51:03,930 INFO     ___FILE_ONLY___ ═
2023-03-06 17:51:03,930 INFO     ___FILE_ONLY___ ═
2023-03-06 17:51:03,930 INFO     ___FILE_ONLY___ ═
2023-03-06 17:51:03,931 INFO     ___FILE_ONLY___ ═
2023-03-06 17:51:03,931 INFO     ___FILE_ONLY___ ═
2023-03-06 17:51:03,931 INFO     ___FILE_ONLY___ ═
2023-03-06 17:51:03,931 INFO     ___FILE_ONLY___ ═
2023-03-06 17:51:03,931 INFO     ___FILE_ONLY___ ═
2023-03-06 17:51:03,931 INFO     ___FILE_ONLY___ ═
2023-03-06 17:51:03,931 INFO     ___FILE_ONLY___ ═
2023-03-06 17:51:03,931 INFO     ___FILE_ONLY___ ═
2023-03-06 17:51:03,932 INFO     ___FILE_ONLY___ ═
2023-03-06 17:51:03,932 INFO     ___FILE_ONLY___ ═
2023-03-06 17:51:03,932 INFO     ___FILE_ONLY___ ═
2023-03-06 17:51:03,932 INFO     ___FILE_ONLY___ ═
2023-03-06 17:51:03,932 INFO     ___FILE_ONLY___ ═
2023-03-06 17:51:03,932 INFO     ___FILE_ONLY___ ═
2023-03-06 17:51:03,932 INFO     ___FILE_ONLY___ ═
2023-03-06 17:51:03,932 INFO     ___FILE_ONLY___ ═
2023-03-06 17:51:03,933 INFO     ___FILE_ONLY___ ═
2023-03-06 17:51:03,933 INFO     ___FILE_ONLY___ ═
2023-03-06 17:51:03,933 INFO     ___FILE_ONLY___ ═
2023-03-06 17:51:03,933 INFO     ___FILE_ONLY___ ═
2023-03-06 17:51:03,933 INFO     ___FILE_ONLY___ ═
2023-03-06 17:51:03,933 INFO     ___FILE_ONLY___ ═
2023-03-06 17:51:03,933 INFO     ___FILE_ONLY___ ═
2023-03-06 17:51:03,933 INFO     ___FILE_ONLY___ ═
2023-03-06 17:51:03,934 INFO     ___FILE_ONLY___ ═
2023-03-06 17:51:03,934 INFO     ___FILE_ONLY___ ═
2023-03-06 17:51:03,934 INFO     ___FILE_ONLY___ ═
2023-03-06 17:51:03,967 INFO     ___FILE_ONLY___ ═══════════════
2023-03-06 17:51:03,968 INFO     ___FILE_ONLY___ ═══════════════
2023-03-06 17:51:03,968 INFO     ___FILE_ONLY___ ╝

2023-03-06 17:51:03,980 INFO     ___FILE_ONLY___ ╔════════════════════════════════════════════════════════════╗

2023-03-06 17:51:03,980 INFO     ___FILE_ONLY___ ╠═ Installing: anthoscli                                    ═╣

2023-03-06 17:51:03,980 INFO     ___FILE_ONLY___ ╚
2023-03-06 17:51:03,984 DEBUG    urllib3.connectionpool Starting new HTTPS connection (1): dl.google.com:443
2023-03-06 17:51:04,001 DEBUG    urllib3.connectionpool https://dl.google.com:443 "GET /dl/cloudsdk/channels/rapid/components/google-cloud-sdk-anthoscli-linux-x86_64-20230213205029.tar.gz HTTP/1.1" 200 71957154
2023-03-06 17:51:04,262 INFO     ___FILE_ONLY___ ═
2023-03-06 17:51:04,265 INFO     ___FILE_ONLY___ ═
2023-03-06 17:51:04,268 INFO     ___FILE_ONLY___ ═
2023-03-06 17:51:04,271 INFO     ___FILE_ONLY___ ═
2023-03-06 17:51:04,273 INFO     ___FILE_ONLY___ ═
2023-03-06 17:51:04,276 INFO     ___FILE_ONLY___ ═
2023-03-06 17:51:04,279 INFO     ___FILE_ONLY___ ═
2023-03-06 17:51:04,282 INFO     ___FILE_ONLY___ ═
2023-03-06 17:51:04,285 INFO     ___FILE_ONLY___ ═
2023-03-06 17:51:04,288 INFO     ___FILE_ONLY___ ═
2023-03-06 17:51:04,291 INFO     ___FILE_ONLY___ ═
2023-03-06 17:51:04,294 INFO     ___FILE_ONLY___ ═
2023-03-06 17:51:04,296 INFO     ___FILE_ONLY___ ═
2023-03-06 17:51:04,299 INFO     ___FILE_ONLY___ ═
2023-03-06 17:51:04,302 INFO     ___FILE_ONLY___ ═
2023-03-06 17:51:04,305 INFO     ___FILE_ONLY___ ═
2023-03-06 17:51:04,308 INFO     ___FILE_ONLY___ ═
2023-03-06 17:51:04,311 INFO     ___FILE_ONLY___ ═
2023-03-06 17:51:04,313 INFO     ___FILE_ONLY___ ═
2023-03-06 17:51:04,316 INFO     ___FILE_ONLY___ ═
2023-03-06 17:51:04,319 INFO     ___FILE_ONLY___ ═
2023-03-06 17:51:04,322 INFO     ___FILE_ONLY___ ═
2023-03-06 17:51:04,325 INFO     ___FILE_ONLY___ ═
2023-03-06 17:51:04,328 INFO     ___FILE_ONLY___ ═
2023-03-06 17:51:04,331 INFO     ___FILE_ONLY___ ═
2023-03-06 17:51:04,333 INFO     ___FILE_ONLY___ ═
2023-03-06 17:51:04,336 INFO     ___FILE_ONLY___ ═
2023-03-06 17:51:04,339 INFO     ___FILE_ONLY___ ═
2023-03-06 17:51:04,342 INFO     ___FILE_ONLY___ ═
2023-03-06 17:51:04,345 INFO     ___FILE_ONLY___ ═
2023-03-06 17:51:06,518 INFO     ___FILE_ONLY___ ══════════
2023-03-06 17:51:06,523 INFO     ___FILE_ONLY___ ═════════
2023-03-06 17:51:06,550 INFO     ___FILE_ONLY___ ═══════════
2023-03-06 17:51:06,550 INFO     ___FILE_ONLY___ ╝

2023-03-06 17:51:06,576 INFO     ___FILE_ONLY___ ╔════════════════════════════════════════════════════════════╗

2023-03-06 17:51:06,577 INFO     ___FILE_ONLY___ ╠═ Installing: anthoscli                                    ═╣

2023-03-06 17:51:06,577 INFO     ___FILE_ONLY___ ╚
2023-03-06 17:51:06,582 INFO     ___FILE_ONLY___ ════════════════════════════════════════════════════════════
2023-03-06 17:51:06,582 INFO     ___FILE_ONLY___ ╝

2023-03-06 17:51:06,587 INFO     ___FILE_ONLY___ ╔════════════════════════════════════════════════════════════╗

2023-03-06 17:51:06,587 INFO     ___FILE_ONLY___ ╠═ Installing: gcloud cli dependencies                      ═╣

2023-03-06 17:51:06,587 INFO     ___FILE_ONLY___ ╚
2023-03-06 17:51:06,591 DEBUG    urllib3.connectionpool Starting new HTTPS connection (1): dl.google.com:443
2023-03-06 17:51:06,612 DEBUG    urllib3.connectionpool https://dl.google.com:443 "GET /dl/cloudsdk/channels/rapid/components/google-cloud-sdk-gcloud-deps-linux-x86_64-20210416153011.tar.gz HTTP/1.1" 200 104
2023-03-06 17:51:06,613 INFO     ___FILE_ONLY___ ══════════════════════════════
2023-03-06 17:51:06,613 INFO     ___FILE_ONLY___ ══════════════════════════════
2023-03-06 17:51:06,613 INFO     ___FILE_ONLY___ ╝

2023-03-06 17:51:06,625 INFO     ___FILE_ONLY___ ╔════════════════════════════════════════════════════════════╗

2023-03-06 17:51:06,626 INFO     ___FILE_ONLY___ ╠═ Creating backup and activating new installation          ═╣

2023-03-06 17:51:06,626 INFO     ___FILE_ONLY___ ╚
2023-03-06 17:51:06,626 DEBUG    root            Attempting to move directory [/tools/google-cloud-sdk] to [/tools/google-cloud-sdk.staging/.install/.backup]
2023-03-06 17:51:06,626 INFO     ___FILE_ONLY___ ══════════════════════════════
2023-03-06 17:51:06,626 DEBUG    root            Attempting to move directory [/tools/google-cloud-sdk.staging] to [/tools/google-cloud-sdk]
2023-03-06 17:51:06,626 INFO     ___FILE_ONLY___ ══════════════════════════════
2023-03-06 17:51:06,626 INFO     ___FILE_ONLY___ ╝

2023-03-06 17:51:06,631 DEBUG    root            Updating notification cache...
2023-03-06 17:51:06,631 INFO     ___FILE_ONLY___ 

2023-03-06 17:51:06,637 INFO     ___FILE_ONLY___ Performing post processing steps...
2023-03-06 17:51:06,638 DEBUG    root            Executing command: ['python3', '-S', '/tools/google-cloud-sdk/lib/gcloud.py', 'components', 'post-process']
2023-03-06 17:51:31,672 DEBUG    ___FILE_ONLY___ 
2023-03-06 17:51:31,672 DEBUG    ___FILE_ONLY___ 
2023-03-06 17:51:31,678 INFO     ___FILE_ONLY___ 
Update done!


2023-03-06 17:51:31,682 DEBUG    root            Chosen display Format:none
2023-03-06 17:51:31,682 INFO     root            Display format: "none"
